<?xml version="1.0" encoding="utf-8"?><testsuites name="pytest tests"><testsuite name="pytest" errors="0" failures="0" skipped="0" tests="17" time="5.785" timestamp="2026-04-13T13:08:16.233768+00:00" hostname="agent-env-33afbe69-aa7f-49bd-9150-c8fceef9e01a"><testcase classname="tests.test_flight_qfu_api.TestAirportsEndpoint" name="test_get_airports_returns_122_airports" time="0.181" /><testcase classname="tests.test_flight_qfu_api.TestAirportsEndpoint" name="test_airports_have_required_fields" time="0.115" /><testcase classname="tests.test_flight_qfu_api.TestAirportsEndpoint" name="test_airports_include_lfll_lyon" time="0.164" /><testcase classname="tests.test_flight_qfu_api.TestAirportDetailEndpoint" name="test_get_lfll_airport_details" time="0.104" /><testcase classname="tests.test_flight_qfu_api.TestAirportDetailEndpoint" name="test_get_lfpg_airport_details" time="0.105" /><testcase classname="tests.test_flight_qfu_api.TestAirportDetailEndpoint" name="test_get_invalid_airport_returns_404" time="0.105" /><testcase classname="tests.test_flight_qfu_api.TestSearchAirportsEndpoint" name="test_search_lyon_returns_lfll" time="0.102" /><testcase classname="tests.test_flight_qfu_api.TestSearchAirportsEndpoint" name="test_search_paris_returns_lfpg" time="0.103" /><testcase classname="tests.test_flight_qfu_api.TestSearchAirportsEndpoint" name="test_search_jfk_returns_kjfk" time="0.109" /><testcase classname="tests.test_flight_qfu_api.TestRunwayStatusEndpoint" name="test_runway_status_lfpg_structure" time="0.667" /><testcase classname="tests.test_flight_qfu_api.TestRunwayStatusEndpoint" name="test_runway_status_has_metar_data" time="0.593" /><testcase classname="tests.test_flight_qfu_api.TestRunwayStatusEndpoint" name="test_metar_fields_complete" time="0.684" /><testcase classname="tests.test_flight_qfu_api.TestRunwayStatusEndpoint" name="test_active_runways_have_qfu_directions" time="0.619" /><testcase classname="tests.test_flight_qfu_api.TestRunwayStatusEndpoint" name="test_landing_detection_uses_2000ft_threshold" time="0.581" /><testcase classname="tests.test_flight_qfu_api.TestRunwayStatusEndpoint" name="test_runway_status_invalid_airport" time="0.113" /><testcase classname="tests.test_flight_qfu_api.TestRunwayStatusEndpoint" name="test_runway_status_kjfk" time="0.736" /><testcase classname="tests.test_flight_qfu_api.TestDataPersistence" name="test_aircraft_data_structure" time="0.642" /></testsuite></testsuites>